# JRE version: OpenJDK Runtime Environment (8.0_03-b03) (build 1.8.0_03-Ubuntu-8u77-b03-3ubuntu3-b03)
# Java VM: OpenJDK 64-Bit Server VM (25.03-b03 mixed mode linux-amd64 compressed oops)
Heap:
 garbage-first heap   total 262144K, used 77824K [0x00000000c0000000, 0x00000000c0100800, 0x0000000100000000)
  region size 1024K, 41 young (41984K), 20 survivors (20480K)
 Metaspace       used 60951K, capacity 66184K, committed 66380K, reserved 1107968K
  class space    used 7141K, capacity 8774K, committed 8780K, reserved 1048576K
GC Heap History (10 events):
Event: 3,546 GC heap before
{Heap before GC invocations=3 (full 0):
 garbage-first heap   total 262144K, used 27136K [0x00000000c0000000, 0x00000000c0100800, 0x0000000100000000)
  region size 1024K, 15 young (15360K), 2 survivors (2048K)
 Metaspace       used 10597K, capacity 11294K, committed 11520K, reserved 1058816K
  class space    used 1080K, capacity 1235K, committed 1280K, reserved 1048576K
Event: 3,571 GC heap after
Heap after GC invocations=4 (full 0):
 garbage-first heap   total 262144K, used 16384K [0x00000000c0000000, 0x00000000c0100800, 0x0000000100000000)
  region size 1024K, 2 young (2048K), 2 survivors (2048K)
 Metaspace       used 10597K, capacity 11294K, committed 11520K, reserved 1058816K
  class space    used 1080K, capacity 1235K, committed 1280K, reserved 1048576K
}
Event: 8,176 GC heap before
{Heap before GC invocations=4 (full 0):
 garbage-first heap   total 262144K, used 74836K [0x00000000c0000000, 0x00000000c0100800, 0x0000000100000000)
  region size 1024K, 38 young (38912K), 2 survivors (2048K)
 Metaspace       used 19552K, capacity 21222K, committed 21296K, reserved 1069056K
  class space    used 1940K, capacity 2415K, committed 2432K, reserved 1048576K
Event: 8,226 GC heap after
Heap after GC invocations=5 (full 0):
 garbage-first heap   total 262144K, used 23551K [0x00000000c0000000, 0x00000000c0100800, 0x0000000100000000)
  region size 1024K, 9 young (9216K), 9 survivors (9216K)
 Metaspace       used 19552K, capacity 21222K, committed 21296K, reserved 1069056K
  class space    used 1940K, capacity 2415K, committed 2432K, reserved 1048576K
}
Event: 13,550 GC heap before
{Heap before GC invocations=6 (full 0):
 garbage-first heap   total 262144K, used 62997K [0x00000000c0000000, 0x00000000c0100800, 0x0000000100000000)
  region size 1024K, 50 young (51200K), 9 survivors (9216K)
 Metaspace       used 29374K, capacity 31996K, committed 32332K, reserved 1077248K
  class space    used 3354K, capacity 4072K, committed 4172K, reserved 1048576K
Event: 13,600 GC heap after
Heap after GC invocations=7 (full 0):
 garbage-first heap   total 262144K, used 28240K [0x00000000c0000000, 0x00000000c0100800, 0x0000000100000000)
  region size 1024K, 7 young (7168K), 7 survivors (7168K)
 Metaspace       used 29374K, capacity 31996K, committed 32332K, reserved 1077248K
  class space    used 3354K, capacity 4072K, committed 4172K, reserved 1048576K
}
Event: 14,541 GC heap before
{Heap before GC invocations=7 (full 0):
 garbage-first heap   total 262144K, used 45648K [0x00000000c0000000, 0x00000000c0100800, 0x0000000100000000)
  region size 1024K, 25 young (25600K), 7 survivors (7168K)
 Metaspace       used 33059K, capacity 35874K, committed 36044K, reserved 1081344K
  class space    used 3656K, capacity 4454K, committed 4556K, reserved 1048576K
Event: 14,584 GC heap after
Heap after GC invocations=8 (full 0):
 garbage-first heap   total 262144K, used 34815K [0x00000000c0000000, 0x00000000c0100800, 0x0000000100000000)
  region size 1024K, 5 young (5120K), 5 survivors (5120K)
 Metaspace       used 33059K, capacity 35874K, committed 36044K, reserved 1081344K
  class space    used 3656K, capacity 4454K, committed 4556K, reserved 1048576K
}
Event: 25,390 GC heap before
{Heap before GC invocations=9 (full 0):
 garbage-first heap   total 262144K, used 144896K [0x00000000c0000000, 0x00000000c0100800, 0x0000000100000000)
  region size 1024K, 120 young (122880K), 5 survivors (5120K)
 Metaspace       used 56593K, capacity 61510K, committed 61616K, reserved 1103872K
  class space    used 6621K, capacity 8127K, committed 8140K, reserved 1048576K
Event: 25,494 GC heap after
Heap after GC invocations=10 (full 0):
 garbage-first heap   total 262144K, used 57344K [0x00000000c0000000, 0x00000000c0100800, 0x0000000100000000)
  region size 1024K, 20 young (20480K), 20 survivors (20480K)
 Metaspace       used 56593K, capacity 61510K, committed 61616K, reserved 1103872K
  class space    used 6621K, capacity 8127K, committed 8140K, reserved 1048576K
}

